<?xml version="1.0" encoding="UTF-8"?>
<!-- Generated by org.testng.reporters.JUnitReportReporter -->
<testsuite skipped="0" hostname="DESKTOP-TOBM84V" name="TestNG.TestPetStoreMenu" tests="4" failures="0" timestamp="2019-12-26T12:18:13 CET" time="51.960" errors="0">
  <testcase name="Test2Top" time="14.651" classname="TestNG.TestPetStoreMenu"/>
  <testcase name="Test3Mid" time="16.450" classname="TestNG.TestPetStoreMenu"/>
  <testcase name="Test4SingIn" time="5.824" classname="TestNG.TestPetStoreMenu"/>
  <testcase name="Test1Left" time="15.035" classname="TestNG.TestPetStoreMenu"/>
</testsuite> <!-- TestNG.TestPetStoreMenu -->
