<?xml version="1.0" encoding="UTF-8"?>
<!-- Generated by org.testng.reporters.JUnitReportReporter -->
<testsuite skipped="0" hostname="DESKTOP-TOBM84V" name="TestNG.TestCart" tests="1" failures="0" timestamp="2019-12-26T15:59:54 CET" time="12.465" errors="0">
  <testcase name="Test1Change" time="12.465" classname="TestNG.TestCart"/>
</testsuite> <!-- TestNG.TestCart -->
