<?xml version="1.0" encoding="UTF-8"?>
<!-- Generated by org.testng.reporters.JUnitReportReporter -->
<testsuite skipped="0" hostname="DESKTOP-TOBM84V" name="TestNG.TestRegistration" tests="1" failures="0" timestamp="2019-12-26T16:08:03 CET" time="15.911" errors="0">
  <testcase name="Test4RandomUser" time="15.911" classname="TestNG.TestRegistration"/>
</testsuite> <!-- TestNG.TestRegistration -->
