<?xml version="1.0" encoding="UTF-8"?>
<!-- Generated by org.testng.reporters.JUnitReportReporter -->
<testsuite skipped="0" hostname="DESKTOP-TOBM84V" name="TestNG.TestHomePage" tests="1" failures="0" timestamp="2019-12-26T05:32:42 CET" time="6.218" errors="0">
  <testcase name="testEnter" time="6.218" classname="TestNG.TestHomePage"/>
</testsuite> <!-- TestNG.TestHomePage -->
